<?xml version="1.0" encoding="UTF-8"?>
<testsuite name="com.example.straffic.StrafficApplicationTests" tests="1" skipped="0" failures="0" errors="0" timestamp="2026-01-12T08:58:57.211Z" hostname="DESKTOP-1KQ56QU" time="0.446">
  <properties/>
  <testcase name="contextLoads()" classname="com.example.straffic.StrafficApplicationTests" time="0.446"/>
  <system-out><![CDATA[17:58:51.870 [Test worker] INFO org.springframework.test.context.support.AnnotationConfigContextLoaderUtils -- Could not detect default configuration classes for test class [com.example.straffic.StrafficApplicationTests]: StrafficApplicationTests does not declare any static, non-private, non-final, nested classes annotated with @Configuration.
17:58:51.962 [Test worker] INFO org.springframework.boot.test.context.SpringBootTestContextBootstrapper -- Found @SpringBootConfiguration com.example.straffic.StrafficApplication for test class com.example.straffic.StrafficApplicationTests

  .   ____          _            __ _ _
 /\\ / ___'_ __ _ _(_)_ __  __ _ \ \ \ \
( ( )\___ | '_ | '_| | '_ \/ _` | \ \ \ \
 \\/  ___)| |_)| | | | | || (_| |  ) ) ) )
  '  |____| .__|_| |_|_| |_\__, | / / / /
 =========|_|==============|___/=/_/_/_/
 :: Spring Boot ::               (v3.1.11)

2026-01-12T17:58:52.424+09:00  INFO 16488 --- [    Test worker] c.e.straffic.StrafficApplicationTests    : Starting StrafficApplicationTests using Java 17.0.17 with PID 16488 (started by 404-17 in C:\manyang\Straffic_MiniProject)
2026-01-12T17:58:52.425+09:00  INFO 16488 --- [    Test worker] c.e.straffic.StrafficApplicationTests    : No active profile set, falling back to 1 default profile: "default"
2026-01-12T17:58:53.269+09:00  INFO 16488 --- [    Test worker] .s.d.r.c.RepositoryConfigurationDelegate : Bootstrapping Spring Data JPA repositories in DEFAULT mode.
2026-01-12T17:58:53.334+09:00  INFO 16488 --- [    Test worker] .s.d.r.c.RepositoryConfigurationDelegate : Finished Spring Data repository scanning in 57 ms. Found 2 JPA repository interfaces.
2026-01-12T17:58:53.915+09:00  INFO 16488 --- [    Test worker] o.hibernate.jpa.internal.util.LogHelper  : HHH000204: Processing PersistenceUnitInfo [name: default]
2026-01-12T17:58:53.985+09:00  INFO 16488 --- [    Test worker] org.hibernate.Version                    : HHH000412: Hibernate ORM core version 6.2.24.Final
2026-01-12T17:58:53.988+09:00  INFO 16488 --- [    Test worker] org.hibernate.cfg.Environment            : HHH000406: Using bytecode reflection optimizer
2026-01-12T17:58:54.286+09:00  INFO 16488 --- [    Test worker] o.s.o.j.p.SpringPersistenceUnitInfo      : No LoadTimeWeaver setup: ignoring JPA class transformer
2026-01-12T17:58:54.314+09:00  INFO 16488 --- [    Test worker] com.zaxxer.hikari.HikariDataSource       : HikariPool-1 - Starting...
2026-01-12T17:58:54.525+09:00  INFO 16488 --- [    Test worker] com.zaxxer.hikari.pool.HikariPool        : HikariPool-1 - Added connection oracle.jdbc.driver.T4CConnection@4ef8090b
2026-01-12T17:58:54.527+09:00  INFO 16488 --- [    Test worker] com.zaxxer.hikari.HikariDataSource       : HikariPool-1 - Start completed.
2026-01-12T17:58:54.551+09:00  WARN 16488 --- [    Test worker] org.hibernate.orm.deprecation            : HHH90000025: Oracle12cDialect does not need to be specified explicitly using 'hibernate.dialect' (remove the property setting and it will be selected by default)
2026-01-12T17:58:54.554+09:00  WARN 16488 --- [    Test worker] org.hibernate.orm.deprecation            : HHH90000026: Oracle12cDialect has been deprecated; use org.hibernate.dialect.OracleDialect instead
2026-01-12T17:58:55.494+09:00  INFO 16488 --- [    Test worker] o.h.e.t.j.p.i.JtaPlatformInitiator       : HHH000489: No JTA platform available (set 'hibernate.transaction.jta.platform' to enable JTA platform integration)
Hibernate: 
    drop table mem1213 cascade constraints
Hibernate: 
    drop table notice cascade constraints
Hibernate: 
    drop sequence notice_seq
Hibernate: 
    create sequence notice_seq start with 1 increment by 1
Hibernate: 
    create table mem1213 (
        id varchar2(255 char) not null,
        name varchar2(255 char),
        provider varchar2(255 char),
        provider_id varchar2(255 char),
        pw varchar2(255 char),
        role varchar2(255 char),
        tel varchar2(255 char),
        primary key (id)
    )
Hibernate: 
    create table notice (
        pinned number(1,0) not null check (pinned in (0,1)),
        created_at timestamp(6) not null,
        id number(19,0) not null,
        views number(19,0) not null,
        tag varchar2(20 char) not null,
        image_content_type varchar2(100 char),
        title varchar2(200 char) not null,
        author_id varchar2(255 char),
        image_original_name varchar2(255 char),
        content clob not null,
        image_data blob,
        primary key (id)
    )
Hibernate: 
    alter table notice 
       add constraint FK9sx9gfr3sjc9okmvf0bgtviyp 
       foreign key (author_id) 
       references mem1213
2026-01-12T17:58:55.600+09:00  INFO 16488 --- [    Test worker] j.LocalContainerEntityManagerFactoryBean : Initialized JPA EntityManagerFactory for persistence unit 'default'
2026-01-12T17:58:55.815+09:00  INFO 16488 --- [    Test worker] o.s.d.j.r.query.QueryEnhancerFactory     : Hibernate is in classpath; If applicable, HQL parser will be used.
2026-01-12T17:58:56.464+09:00  WARN 16488 --- [    Test worker] JpaBaseConfiguration$JpaWebConfiguration : spring.jpa.open-in-view is enabled by default. Therefore, database queries may be performed during view rendering. Explicitly configure spring.jpa.open-in-view to disable this warning
2026-01-12T17:58:56.810+09:00  INFO 16488 --- [    Test worker] o.s.s.web.DefaultSecurityFilterChain     : Will secure any request with [org.springframework.security.web.session.DisableEncodeUrlFilter@5dea9867, org.springframework.security.web.context.request.async.WebAsyncManagerIntegrationFilter@1de36da2, org.springframework.security.web.context.SecurityContextHolderFilter@4c974fe8, org.springframework.security.web.header.HeaderWriterFilter@4518e64, org.springframework.security.web.authentication.logout.LogoutFilter@6b27363b, org.springframework.security.oauth2.client.web.OAuth2AuthorizationRequestRedirectFilter@7e37cfcf, org.springframework.security.oauth2.client.web.OAuth2LoginAuthenticationFilter@596d15c, org.springframework.security.web.authentication.UsernamePasswordAuthenticationFilter@726cda5b, org.springframework.security.web.savedrequest.RequestCacheAwareFilter@3c88bef5, org.springframework.security.web.servletapi.SecurityContextHolderAwareRequestFilter@2865c8db, org.springframework.security.web.authentication.AnonymousAuthenticationFilter@2e4c4373, org.springframework.security.web.session.SessionManagementFilter@8d0dcd9, org.springframework.security.web.access.ExceptionTranslationFilter@7668b4ff, org.springframework.security.web.access.intercept.AuthorizationFilter@3f7ff364]
2026-01-12T17:58:57.194+09:00  INFO 16488 --- [    Test worker] c.e.straffic.StrafficApplicationTests    : Started StrafficApplicationTests in 5.047 seconds (process running for 6.259)
]]></system-out>
  <system-err><![CDATA[]]></system-err>
</testsuite>
