<?xml version="1.0" encoding="UTF-8"?>
<testsuite name="com.example.straffic.StrafficApplicationTests" tests="1" skipped="0" failures="0" errors="0" timestamp="2026-01-13T04:16:05.537Z" hostname="DESKTOP-1KQ56QU" time="0.498">
  <properties/>
  <testcase name="contextLoads()" classname="com.example.straffic.StrafficApplicationTests" time="0.498"/>
  <system-out><![CDATA[13:15:59.614 [Test worker] INFO org.springframework.test.context.support.AnnotationConfigContextLoaderUtils -- Could not detect default configuration classes for test class [com.example.straffic.StrafficApplicationTests]: StrafficApplicationTests does not declare any static, non-private, non-final, nested classes annotated with @Configuration.
13:15:59.715 [Test worker] INFO org.springframework.boot.test.context.SpringBootTestContextBootstrapper -- Found @SpringBootConfiguration com.example.straffic.StrafficApplication for test class com.example.straffic.StrafficApplicationTests

  .   ____          _            __ _ _
 /\\ / ___'_ __ _ _(_)_ __  __ _ \ \ \ \
( ( )\___ | '_ | '_| | '_ \/ _` | \ \ \ \
 \\/  ___)| |_)| | | | | || (_| |  ) ) ) )
  '  |____| .__|_| |_|_| |_\__, | / / / /
 =========|_|==============|___/=/_/_/_/
 :: Spring Boot ::               (v3.1.11)

2026-01-13T13:16:00.130+09:00  INFO 16164 --- [    Test worker] c.e.straffic.StrafficApplicationTests    : Starting StrafficApplicationTests using Java 17.0.17 with PID 16164 (started by 404-17 in C:\manyang\Straffic_MiniProject)
2026-01-13T13:16:00.131+09:00  INFO 16164 --- [    Test worker] c.e.straffic.StrafficApplicationTests    : No active profile set, falling back to 1 default profile: "default"
2026-01-13T13:16:01.027+09:00  INFO 16164 --- [    Test worker] .s.d.r.c.RepositoryConfigurationDelegate : Bootstrapping Spring Data JPA repositories in DEFAULT mode.
2026-01-13T13:16:01.101+09:00  INFO 16164 --- [    Test worker] .s.d.r.c.RepositoryConfigurationDelegate : Finished Spring Data repository scanning in 66 ms. Found 4 JPA repository interfaces.
2026-01-13T13:16:01.665+09:00  INFO 16164 --- [    Test worker] o.hibernate.jpa.internal.util.LogHelper  : HHH000204: Processing PersistenceUnitInfo [name: default]
2026-01-13T13:16:01.722+09:00  INFO 16164 --- [    Test worker] org.hibernate.Version                    : HHH000412: Hibernate ORM core version 6.2.24.Final
2026-01-13T13:16:01.724+09:00  INFO 16164 --- [    Test worker] org.hibernate.cfg.Environment            : HHH000406: Using bytecode reflection optimizer
2026-01-13T13:16:02.020+09:00  INFO 16164 --- [    Test worker] o.s.o.j.p.SpringPersistenceUnitInfo      : No LoadTimeWeaver setup: ignoring JPA class transformer
2026-01-13T13:16:02.049+09:00  INFO 16164 --- [    Test worker] com.zaxxer.hikari.HikariDataSource       : HikariPool-1 - Starting...
2026-01-13T13:16:02.259+09:00  INFO 16164 --- [    Test worker] com.zaxxer.hikari.pool.HikariPool        : HikariPool-1 - Added connection oracle.jdbc.driver.T4CConnection@638977e0
2026-01-13T13:16:02.262+09:00  INFO 16164 --- [    Test worker] com.zaxxer.hikari.HikariDataSource       : HikariPool-1 - Start completed.
2026-01-13T13:16:02.286+09:00  WARN 16164 --- [    Test worker] org.hibernate.orm.deprecation            : HHH90000025: Oracle12cDialect does not need to be specified explicitly using 'hibernate.dialect' (remove the property setting and it will be selected by default)
2026-01-13T13:16:02.287+09:00  WARN 16164 --- [    Test worker] org.hibernate.orm.deprecation            : HHH90000026: Oracle12cDialect has been deprecated; use org.hibernate.dialect.OracleDialect instead
2026-01-13T13:16:03.406+09:00  INFO 16164 --- [    Test worker] o.h.e.t.j.p.i.JtaPlatformInitiator       : HHH000489: No JTA platform available (set 'hibernate.transaction.jta.platform' to enable JTA platform integration)
2026-01-13T13:16:03.563+09:00  INFO 16164 --- [    Test worker] j.LocalContainerEntityManagerFactoryBean : Initialized JPA EntityManagerFactory for persistence unit 'default'
2026-01-13T13:16:03.808+09:00  INFO 16164 --- [    Test worker] o.s.d.j.r.query.QueryEnhancerFactory     : Hibernate is in classpath; If applicable, HQL parser will be used.
2026-01-13T13:16:04.866+09:00  WARN 16164 --- [    Test worker] JpaBaseConfiguration$JpaWebConfiguration : spring.jpa.open-in-view is enabled by default. Therefore, database queries may be performed during view rendering. Explicitly configure spring.jpa.open-in-view to disable this warning
2026-01-13T13:16:05.186+09:00  INFO 16164 --- [    Test worker] o.s.s.web.DefaultSecurityFilterChain     : Will secure any request with [org.springframework.security.web.session.DisableEncodeUrlFilter@2c080bf5, org.springframework.security.web.context.request.async.WebAsyncManagerIntegrationFilter@58620d12, org.springframework.security.web.context.SecurityContextHolderFilter@21b44898, org.springframework.security.web.header.HeaderWriterFilter@86ea911, org.springframework.security.web.authentication.logout.LogoutFilter@5ad583a9, org.springframework.security.oauth2.client.web.OAuth2AuthorizationRequestRedirectFilter@5eb5556b, org.springframework.security.oauth2.client.web.OAuth2LoginAuthenticationFilter@5b9bdb00, org.springframework.security.web.authentication.UsernamePasswordAuthenticationFilter@12b4cf0b, org.springframework.security.web.savedrequest.RequestCacheAwareFilter@2c13db34, org.springframework.security.web.servletapi.SecurityContextHolderAwareRequestFilter@5af75e60, org.springframework.security.web.authentication.AnonymousAuthenticationFilter@5da48ec5, org.springframework.security.web.session.SessionManagementFilter@4d54b03f, org.springframework.security.web.access.ExceptionTranslationFilter@61fbd0a0, org.springframework.security.web.access.intercept.AuthorizationFilter@179273ff]
2026-01-13T13:16:05.523+09:00  INFO 16164 --- [    Test worker] c.e.straffic.StrafficApplicationTests    : Started StrafficApplicationTests in 5.654 seconds (process running for 6.772)
]]></system-out>
  <system-err><![CDATA[]]></system-err>
</testsuite>
